\BOOKMARK [1][-]{section.1}{introduction}{}% 1
\BOOKMARK [1][-]{section.2}{background}{}% 2
\BOOKMARK [2][-]{subsection.2.1}{Consumer / Producer API}{section.2}% 3
\BOOKMARK [2][-]{subsection.2.2}{Gstreamer}{section.2}% 4
\BOOKMARK [2][-]{subsection.2.3}{Repo-ng}{section.2}% 5
\BOOKMARK [1][-]{section.3}{prior work}{}% 6
\BOOKMARK [1][-]{section.4}{design goals}{}% 7
\BOOKMARK [1][-]{section.5}{Design}{}% 8
\BOOKMARK [2][-]{subsection.5.1}{Architecture}{section.5}% 9
\BOOKMARK [2][-]{subsection.5.2}{Namespace}{section.5}% 10
\BOOKMARK [1][-]{section.6}{implementation}{}% 11
\BOOKMARK [2][-]{subsection.6.1}{NDNLive}{section.6}% 12
\BOOKMARK [3][-]{subsubsection.6.1.1}{Producer}{subsection.6.1}% 13
\BOOKMARK [3][-]{subsubsection.6.1.2}{Consumer}{subsection.6.1}% 14
\BOOKMARK [3][-]{subsubsection.6.1.3}{Some other vital parts}{subsection.6.1}% 15
\BOOKMARK [2][-]{subsection.6.2}{NDNTube}{section.6}% 16
\BOOKMARK [3][-]{subsubsection.6.2.1}{Producer}{subsection.6.2}% 17
\BOOKMARK [3][-]{subsubsection.6.2.2}{Consumer}{subsection.6.2}% 18
\BOOKMARK [1][-]{section.7}{evaluation}{}% 19
\BOOKMARK [1][-]{section.8}{conclusion}{}% 20
\BOOKMARK [1][-]{section.9}{References}{}% 21
